<?xml version="1.0" encoding="UTF-8"?>
<!-- Generated by org.testng.reporters.JUnitReportReporter -->
<testsuite name="com.MSDS_test.LoginTest" tests="5" time="1.937" ignored="0" failures="0" timestamp="05 Jun 2017 12:40:54 GMT" skipped="0" hostname="infpu013423" errors="0">
  <testcase name="verifyLoginPage" time="0.738" classname="com.MSDS_test.LoginTest"/>
  <testcase name="enter_CorrectLoginDetails" time="0.522" classname="com.MSDS_test.LoginTest"/>
  <testcase name="enterBlankLoginDetails" time="0.238" classname="com.MSDS_test.LoginTest"/>
  <testcase name="enter_WrongLoginDetails" time="0.365" classname="com.MSDS_test.LoginTest"/>
  <testcase name="verifyPageTitle" time="0.074" classname="com.MSDS_test.LoginTest"/>
</testsuite> <!-- com.MSDS_test.LoginTest -->
